<?xml version="1.0" encoding="UTF-8"?>
<!-- Generated by org.testng.reporters.JUnitReportReporter -->
<testsuite hostname="SivaPrasadKadiyala" name="com.axe.tests.Amazonallytest" tests="1" failures="0" timestamp="5 Feb 2022 01:58:53 GMT" time="23.759" errors="1">
  <testcase name="AmazonAllyTest" time="23.759" classname="com.axe.tests.Amazonallytest">
    <error type="java.lang.AssertionError" message="Found 6 accessibility violations:
1) ARIA attributes must conform to valid names: https://dequeuniversity.com/rules/axe/3.1/aria-valid-attr?application=axeAPI
  a) [&quot;.navFooterDescLine&quot;]
    Fix any of the following:
      Invalid ARIA attribute name: aria-lable


2) Text of buttons and links should not be repeated in the image alternative: https://dequeuniversity.com/rules/axe/3.1/image-redundant-alt?application=axeAPI
  a) [&quot;a[aria-label=\&quot;Headsets\&quot;]&quot;]
    Fix all of the following:
      Element contains &lt;img&gt; element with alt text that duplicates existing text


  b) [&quot;a[aria-label=\&quot;Keyboards\&quot;]&quot;]
    Fix all of the following:
      Element contains &lt;img&gt; element with alt text that duplicates existing text


  c) [&quot;a[aria-label=\&quot;Computer\\ mice\&quot;]&quot;]
    Fix all of the following:
      Element contains &lt;img&gt; element with alt text that duplicates existing text


  d) [&quot;a[aria-label=\&quot;Chairs\&quot;]&quot;]
    Fix all of the following:
      Element contains &lt;img&gt; element with alt text that duplicates existing text


  e) [&quot;a[aria-label=\&quot;Apparel\&quot;]&quot;]
    Fix all of the following:
      Element contains &lt;img&gt; element with alt text that duplicates existing text


  f) [&quot;a[aria-label=\&quot;Hats\&quot;]&quot;]
    Fix all of the following:
      Element contains &lt;img&gt; element with alt text that duplicates existing text


  g) [&quot;a[aria-label=\&quot;Action\\ figures\&quot;]&quot;]
    Fix all of the following:
      Element contains &lt;img&gt; element with alt text that duplicates existing text


  h) [&quot;a[aria-label=\&quot;Mugs\&quot;]&quot;]
    Fix all of the following:
      Element contains &lt;img&gt; element with alt text that duplicates existing text


  i) [&quot;a[aria-label=\&quot;Sweatshirts\&quot;]&quot;]
    Fix all of the following:
      Element contains &lt;img&gt; element with alt text that duplicates existing text


  j) [&quot;a[aria-label=\&quot;Joggers\&quot;]&quot;]
    Fix all of the following:
      Element contains &lt;img&gt; element with alt text that duplicates existing text


  k) [&quot;a[aria-label=\&quot;Cardigans\&quot;]&quot;]
    Fix all of the following:
      Element contains &lt;img&gt; element with alt text that duplicates existing text


  l) [&quot;a[aria-label=\&quot;Easy\\ tees\&quot;]&quot;]
    Fix all of the following:
      Element contains &lt;img&gt; element with alt text that duplicates existing text


3) Form elements should have a visible label: https://dequeuniversity.com/rules/axe/3.1/label-title-only?application=axeAPI
  a) [&quot;#searchDropdownBox&quot;]
    Fix all of the following:
      Only title used to generate label for form element


4) Links must have discernible text: https://dequeuniversity.com/rules/axe/3.1/link-name?application=axeAPI
  a) [&quot;a[href=\&quot;/?ref_=footer_logo\&quot;]&quot;]
    Fix all of the following:
      Element is in tab order and does not have accessible text

    Fix any of the following:
      Element does not have text that is visible to screen readers
      aria-label attribute does not exist or is empty
      aria-labelledby attribute does not exist, references elements that do not exist or references elements that are empty
      Element&#039;s default semantics were not overridden with role=&quot;presentation&quot;
      Element&#039;s default semantics were not overridden with role=&quot;none&quot;


5) Page must contain a level-one heading: https://dequeuniversity.com/rules/axe/3.1/page-has-heading-one?application=axeAPI
  a) [&quot;html&quot;]
    Fix all of the following:
      Page must have a level-one heading


6) All page content must be contained by landmarks: https://dequeuniversity.com/rules/axe/3.1/region?application=axeAPI
  a) [&quot;html&quot;]
    Fix any of the following:
      Some page content is not contained by landmarks

 expected [true] but found [false]">
      <![CDATA[java.lang.AssertionError: Found 6 accessibility violations:
1) ARIA attributes must conform to valid names: https://dequeuniversity.com/rules/axe/3.1/aria-valid-attr?application=axeAPI
  a) [".navFooterDescLine"]
    Fix any of the following:
      Invalid ARIA attribute name: aria-lable


2) Text of buttons and links should not be repeated in the image alternative: https://dequeuniversity.com/rules/axe/3.1/image-redundant-alt?application=axeAPI
  a) ["a[aria-label=\"Headsets\"]"]
    Fix all of the following:
      Element contains <img> element with alt text that duplicates existing text


  b) ["a[aria-label=\"Keyboards\"]"]
    Fix all of the following:
      Element contains <img> element with alt text that duplicates existing text


  c) ["a[aria-label=\"Computer\\ mice\"]"]
    Fix all of the following:
      Element contains <img> element with alt text that duplicates existing text


  d) ["a[aria-label=\"Chairs\"]"]
    Fix all of the following:
      Element contains <img> element with alt text that duplicates existing text


  e) ["a[aria-label=\"Apparel\"]"]
    Fix all of the following:
      Element contains <img> element with alt text that duplicates existing text


  f) ["a[aria-label=\"Hats\"]"]
    Fix all of the following:
      Element contains <img> element with alt text that duplicates existing text


  g) ["a[aria-label=\"Action\\ figures\"]"]
    Fix all of the following:
      Element contains <img> element with alt text that duplicates existing text


  h) ["a[aria-label=\"Mugs\"]"]
    Fix all of the following:
      Element contains <img> element with alt text that duplicates existing text


  i) ["a[aria-label=\"Sweatshirts\"]"]
    Fix all of the following:
      Element contains <img> element with alt text that duplicates existing text


  j) ["a[aria-label=\"Joggers\"]"]
    Fix all of the following:
      Element contains <img> element with alt text that duplicates existing text


  k) ["a[aria-label=\"Cardigans\"]"]
    Fix all of the following:
      Element contains <img> element with alt text that duplicates existing text


  l) ["a[aria-label=\"Easy\\ tees\"]"]
    Fix all of the following:
      Element contains <img> element with alt text that duplicates existing text


3) Form elements should have a visible label: https://dequeuniversity.com/rules/axe/3.1/label-title-only?application=axeAPI
  a) ["#searchDropdownBox"]
    Fix all of the following:
      Only title used to generate label for form element


4) Links must have discernible text: https://dequeuniversity.com/rules/axe/3.1/link-name?application=axeAPI
  a) ["a[href=\"/?ref_=footer_logo\"]"]
    Fix all of the following:
      Element is in tab order and does not have accessible text

    Fix any of the following:
      Element does not have text that is visible to screen readers
      aria-label attribute does not exist or is empty
      aria-labelledby attribute does not exist, references elements that do not exist or references elements that are empty
      Element's default semantics were not overridden with role="presentation"
      Element's default semantics were not overridden with role="none"


5) Page must contain a level-one heading: https://dequeuniversity.com/rules/axe/3.1/page-has-heading-one?application=axeAPI
  a) ["html"]
    Fix all of the following:
      Page must have a level-one heading


6) All page content must be contained by landmarks: https://dequeuniversity.com/rules/axe/3.1/region?application=axeAPI
  a) ["html"]
    Fix any of the following:
      Some page content is not contained by landmarks

 expected [true] but found [false]
	at org.testng.Assert.fail(Assert.java:94)
	at org.testng.Assert.failNotEquals(Assert.java:494)
	at org.testng.Assert.assertTrue(Assert.java:42)
	at com.axe.tests.Amazonallytest.AmazonAllyTest(Amazonallytest.java:41)
	at sun.reflect.NativeMethodAccessorImpl.invoke0(Native Method)
	at sun.reflect.NativeMethodAccessorImpl.invoke(NativeMethodAccessorImpl.java:62)
	at sun.reflect.DelegatingMethodAccessorImpl.invoke(DelegatingMethodAccessorImpl.java:43)
	at java.lang.reflect.Method.invoke(Method.java:498)
	at org.testng.internal.MethodInvocationHelper.invokeMethod(MethodInvocationHelper.java:80)
	at org.testng.internal.Invoker.invokeMethod(Invoker.java:714)
	at org.testng.internal.Invoker.invokeTestMethod(Invoker.java:901)
	at org.testng.internal.Invoker.invokeTestMethods(Invoker.java:1231)
	at org.testng.internal.TestMethodWorker.invokeTestMethods(TestMethodWorker.java:127)
	at org.testng.internal.TestMethodWorker.run(TestMethodWorker.java:111)
	at org.testng.TestRunner.privateRun(TestRunner.java:767)
	at org.testng.TestRunner.run(TestRunner.java:617)
	at org.testng.SuiteRunner.runTest(SuiteRunner.java:334)
	at org.testng.SuiteRunner.runSequentially(SuiteRunner.java:329)
	at org.testng.SuiteRunner.privateRun(SuiteRunner.java:291)
	at org.testng.SuiteRunner.run(SuiteRunner.java:240)
	at org.testng.SuiteRunnerWorker.runSuite(SuiteRunnerWorker.java:52)
	at org.testng.SuiteRunnerWorker.run(SuiteRunnerWorker.java:86)
	at org.testng.TestNG.runSuitesSequentially(TestNG.java:1198)
	at org.testng.TestNG.runSuitesLocally(TestNG.java:1123)
	at org.testng.TestNG.run(TestNG.java:1031)
	at org.testng.remote.AbstractRemoteTestNG.run(AbstractRemoteTestNG.java:132)
	at org.testng.remote.RemoteTestNG.initAndRun(RemoteTestNG.java:230)
	at org.testng.remote.RemoteTestNG.main(RemoteTestNG.java:76)
]]>
    </error>
  </testcase> <!-- AmazonAllyTest -->
</testsuite> <!-- com.axe.tests.Amazonallytest -->
